Build started 2014-05-26 17:20:42.
     1>Project "C:\Users\rikard.jaksch\Desktop\GLFW_Wrapper\build\vs2012\GLFW_Wrapper.vcxproj" on node 2 (Build target(s)).
     1>ClCompile:
         C:\Program Files (x86)\Microsoft Visual Studio 11.0\VC\bin\CL.exe /c /ZI /nologo /W3 /WX- /Od /Oy- /D WIN32 /D _DEBUG /D _CONSOLE /D _UNICODE /D UNICODE /Gm /EHsc /RTC1 /MDd /GS /fp:precise /Zc:wchar_t /Zc:forScope /Fo"C:\Users\rikard.jaksch\Desktop\GLFW_Wrapper\build\vs2012\../../out/" /Fd"C:\Users\rikard.jaksch\Desktop\GLFW_Wrapper\build\vs2012\../../out/vc110.pdb" /Gd /TP /analyze- /errorReport:prompt ..\..\source\GLFWApplication.cpp ..\..\source\main.cpp ..\..\source\OpenGLSandbox.cpp
         OpenGLSandbox.cpp
         main.cpp
         GLFWApplication.cpp
         Generating Code...
       Link:
         C:\Program Files (x86)\Microsoft Visual Studio 11.0\VC\bin\link.exe /ERRORREPORT:PROMPT /OUT:"../../out/GLFW_Wrapper.exe" /INCREMENTAL /NOLOGO glfw3.lib opengl32.lib kernel32.lib user32.lib gdi32.lib winspool.lib comdlg32.lib advapi32.lib shell32.lib ole32.lib oleaut32.lib uuid.lib odbc32.lib odbccp32.lib /MANIFEST /MANIFESTUAC:"level='asInvoker' uiAccess='false'" /manifest:embed /DEBUG /PDB:"C:\Users\rikard.jaksch\Desktop\GLFW_Wrapper\build\vs2012\../../out/GLFW_Wrapper.pdb" /SUBSYSTEM:CONSOLE /TLBID:1 /DYNAMICBASE /NXCOMPAT /IMPLIB:"C:\Users\rikard.jaksch\Desktop\GLFW_Wrapper\build\vs2012\../../out/GLFW_Wrapper.lib" /MACHINE:X86 C:\Users\rikard.jaksch\Desktop\GLFW_Wrapper\build\vs2012\../../out/GLFWApplication.obj
         C:\Users\rikard.jaksch\Desktop\GLFW_Wrapper\build\vs2012\../../out/main.obj
         C:\Users\rikard.jaksch\Desktop\GLFW_Wrapper\build\vs2012\../../out/OpenGLSandbox.obj
     1>glfw3.lib(context.obj) : warning LNK4099: PDB 'glfw3.pdb' was not found with 'glfw3.lib(context.obj)' or at 'C:\Users\rikard.jaksch\Desktop\GLFW_Wrapper\out\glfw3.pdb'; linking object as if no debug info
     1>glfw3.lib(gamma.obj) : warning LNK4099: PDB 'glfw3.pdb' was not found with 'glfw3.lib(gamma.obj)' or at 'C:\Users\rikard.jaksch\Desktop\GLFW_Wrapper\out\glfw3.pdb'; linking object as if no debug info
     1>glfw3.lib(init.obj) : warning LNK4099: PDB 'glfw3.pdb' was not found with 'glfw3.lib(init.obj)' or at 'C:\Users\rikard.jaksch\Desktop\GLFW_Wrapper\out\glfw3.pdb'; linking object as if no debug info
     1>glfw3.lib(input.obj) : warning LNK4099: PDB 'glfw3.pdb' was not found with 'glfw3.lib(input.obj)' or at 'C:\Users\rikard.jaksch\Desktop\GLFW_Wrapper\out\glfw3.pdb'; linking object as if no debug info
     1>glfw3.lib(monitor.obj) : warning LNK4099: PDB 'glfw3.pdb' was not found with 'glfw3.lib(monitor.obj)' or at 'C:\Users\rikard.jaksch\Desktop\GLFW_Wrapper\out\glfw3.pdb'; linking object as if no debug info
     1>glfw3.lib(window.obj) : warning LNK4099: PDB 'glfw3.pdb' was not found with 'glfw3.lib(window.obj)' or at 'C:\Users\rikard.jaksch\Desktop\GLFW_Wrapper\out\glfw3.pdb'; linking object as if no debug info
     1>glfw3.lib(win32_gamma.obj) : warning LNK4099: PDB 'glfw3.pdb' was not found with 'glfw3.lib(win32_gamma.obj)' or at 'C:\Users\rikard.jaksch\Desktop\GLFW_Wrapper\out\glfw3.pdb'; linking object as if no debug info
     1>glfw3.lib(win32_init.obj) : warning LNK4099: PDB 'glfw3.pdb' was not found with 'glfw3.lib(win32_init.obj)' or at 'C:\Users\rikard.jaksch\Desktop\GLFW_Wrapper\out\glfw3.pdb'; linking object as if no debug info
     1>glfw3.lib(win32_joystick.obj) : warning LNK4099: PDB 'glfw3.pdb' was not found with 'glfw3.lib(win32_joystick.obj)' or at 'C:\Users\rikard.jaksch\Desktop\GLFW_Wrapper\out\glfw3.pdb'; linking object as if no debug info
     1>glfw3.lib(win32_monitor.obj) : warning LNK4099: PDB 'glfw3.pdb' was not found with 'glfw3.lib(win32_monitor.obj)' or at 'C:\Users\rikard.jaksch\Desktop\GLFW_Wrapper\out\glfw3.pdb'; linking object as if no debug info
     1>glfw3.lib(win32_time.obj) : warning LNK4099: PDB 'glfw3.pdb' was not found with 'glfw3.lib(win32_time.obj)' or at 'C:\Users\rikard.jaksch\Desktop\GLFW_Wrapper\out\glfw3.pdb'; linking object as if no debug info
     1>glfw3.lib(win32_window.obj) : warning LNK4099: PDB 'glfw3.pdb' was not found with 'glfw3.lib(win32_window.obj)' or at 'C:\Users\rikard.jaksch\Desktop\GLFW_Wrapper\out\glfw3.pdb'; linking object as if no debug info
     1>glfw3.lib(wgl_context.obj) : warning LNK4099: PDB 'glfw3.pdb' was not found with 'glfw3.lib(wgl_context.obj)' or at 'C:\Users\rikard.jaksch\Desktop\GLFW_Wrapper\out\glfw3.pdb'; linking object as if no debug info
         GLFW_Wrapper.vcxproj -> C:\Users\rikard.jaksch\Desktop\GLFW_Wrapper\build\vs2012\../../out/GLFW_Wrapper.exe
     1>Done Building Project "C:\Users\rikard.jaksch\Desktop\GLFW_Wrapper\build\vs2012\GLFW_Wrapper.vcxproj" (Build target(s)).

Build succeeded.

Time Elapsed 00:00:02.09
